<?xml version="1.0" encoding="UTF-8"?>
<!-- Generated by org.testng.reporters.JUnitReportReporter -->
<testsuite hostname="DESKTOP-8GGN59N" failures="0" tests="1" name="com.eBanking.testCases.TC_LoginTest_001" time="12.425" errors="0" timestamp="01 May 2022 13:44:30 GMT" skipped="0">
  <testcase classname="com.eBanking.testCases.TC_LoginTest_001" name="loginTest" time="12.425"/>
</testsuite> <!-- com.eBanking.testCases.TC_LoginTest_001 -->
