<?xml version="1.0" encoding="UTF-8"?>
<!-- Generated by org.testng.reporters.JUnitReportReporter -->
<testsuite hostname="DESKTOP-8GGN59N" failures="0" tests="1" name="Demo.eBanking.NewTest" time="0.017" errors="0" timestamp="30 Apr 2022 16:54:26 GMT" skipped="0">
  <testcase classname="Demo.eBanking.NewTest" name="f" time="0.017"/>
</testsuite> <!-- Demo.eBanking.NewTest -->
